d:\repositories\operenv-syspro\lab1\x64\debug\vc143.pdb
d:\repositories\operenv-syspro\lab1\x64\debug\vc143.idb
d:\repositories\operenv-syspro\lab1\x64\debug\main.obj
d:\repositories\operenv-syspro\lab1\x64\debug\lab1.res
d:\repositories\operenv-syspro\lab1\x64\debug\lab1.obj
d:\repositories\operenv-syspro\lab1\x64\debug\lab1.pdb
d:\repositories\operenv-syspro\lab1\x64\debug\lab1.tlog\cl.command.1.tlog
d:\repositories\operenv-syspro\lab1\x64\debug\lab1.tlog\cl.items.tlog
d:\repositories\operenv-syspro\lab1\x64\debug\lab1.tlog\cl.read.1.tlog
d:\repositories\operenv-syspro\lab1\x64\debug\lab1.tlog\cl.write.1.tlog
d:\repositories\operenv-syspro\lab1\x64\debug\lab1.tlog\link-cvtres.read.1.tlog
d:\repositories\operenv-syspro\lab1\x64\debug\lab1.tlog\link-cvtres.write.1.tlog
d:\repositories\operenv-syspro\lab1\x64\debug\lab1.tlog\link-rc.read.1.tlog
d:\repositories\operenv-syspro\lab1\x64\debug\lab1.tlog\link-rc.write.1.tlog
d:\repositories\operenv-syspro\lab1\x64\debug\lab1.tlog\link.10668-cvtres.read.1.tlog
d:\repositories\operenv-syspro\lab1\x64\debug\lab1.tlog\link.10668-cvtres.write.1.tlog
d:\repositories\operenv-syspro\lab1\x64\debug\lab1.tlog\link.10668-rc.read.1.tlog
d:\repositories\operenv-syspro\lab1\x64\debug\lab1.tlog\link.10668-rc.write.1.tlog
d:\repositories\operenv-syspro\lab1\x64\debug\lab1.tlog\link.10668.read.1.tlog
d:\repositories\operenv-syspro\lab1\x64\debug\lab1.tlog\link.10668.read.2.tlog
d:\repositories\operenv-syspro\lab1\x64\debug\lab1.tlog\link.10668.write.1.tlog
d:\repositories\operenv-syspro\lab1\x64\debug\lab1.tlog\link.command.1.tlog
d:\repositories\operenv-syspro\lab1\x64\debug\lab1.tlog\link.read.1.tlog
d:\repositories\operenv-syspro\lab1\x64\debug\lab1.tlog\link.read.2.tlog
d:\repositories\operenv-syspro\lab1\x64\debug\lab1.tlog\link.read.3.tlog
d:\repositories\operenv-syspro\lab1\x64\debug\lab1.tlog\link.write.1.tlog
d:\repositories\operenv-syspro\lab1\x64\debug\lab1.tlog\rc.command.1.tlog
d:\repositories\operenv-syspro\lab1\x64\debug\lab1.tlog\rc.read.1.tlog
d:\repositories\operenv-syspro\lab1\x64\debug\lab1.tlog\rc.write.1.tlog
